<?xml version="1.0" encoding="UTF-8"?>
<coverage generated="1578154225">
  <project timestamp="1578154225">
    <package name="BASE">
      <file name="/opt/project/libs/Config.php">
        <class name="BASE\Config" namespace="BASE" fullPackage="BASE" package="BASE">
          <metrics complexity="17" methods="6" coveredmethods="6" conditionals="0" coveredconditionals="0" statements="33" coveredstatements="33" elements="39" coveredelements="39"/>
        </class>
        <line num="55" type="method" name="clear" visibility="public" complexity="1" crap="1" count="10"/>
        <line num="57" type="stmt" count="10"/>
        <line num="58" type="stmt" count="10"/>
        <line num="59" type="stmt" count="10"/>
        <line num="60" type="stmt" count="10"/>
        <line num="68" type="method" name="loadXml" visibility="public" complexity="5" crap="5" count="7"/>
        <line num="70" type="stmt" count="7"/>
        <line num="72" type="stmt" count="7"/>
        <line num="73" type="stmt" count="1"/>
        <line num="75" type="stmt" count="6"/>
        <line num="76" type="stmt" count="6"/>
        <line num="78" type="stmt" count="6"/>
        <line num="79" type="stmt" count="6"/>
        <line num="80" type="stmt" count="5"/>
        <line num="81" type="stmt" count="5"/>
        <line num="85" type="stmt" count="6"/>
        <line num="86" type="stmt" count="1"/>
        <line num="89" type="stmt" count="5"/>
        <line num="97" type="method" name="getHostParameter" visibility="public" complexity="3" crap="3" count="3"/>
        <line num="99" type="stmt" count="3"/>
        <line num="100" type="stmt" count="2"/>
        <line num="101" type="stmt" count="1"/>
        <line num="103" type="stmt" count="1"/>
        <line num="106" type="stmt" count="1"/>
        <line num="115" type="method" name="setAppDir" visibility="public" complexity="3" crap="3" count="27"/>
        <line num="117" type="stmt" count="27"/>
        <line num="118" type="stmt" count="26"/>
        <line num="120" type="stmt" count="1"/>
        <line num="122" type="stmt" count="26"/>
        <line num="129" type="method" name="getAppDir" visibility="public" complexity="3" crap="3" count="27"/>
        <line num="131" type="stmt" count="27"/>
        <line num="132" type="stmt" count="26"/>
        <line num="134" type="stmt" count="1"/>
        <line num="144" type="method" name="getTemplateEngine" visibility="public" complexity="2" crap="2" count="2"/>
        <line num="146" type="stmt" count="2"/>
        <line num="147" type="stmt" count="1"/>
        <line num="150" type="stmt" count="1"/>
        <line num="151" type="stmt" count="1"/>
        <line num="154" type="stmt" count="1"/>
        <metrics loc="157" ncloc="94" classes="1" methods="6" coveredmethods="6" conditionals="0" coveredconditionals="0" statements="33" coveredstatements="33" elements="39" coveredelements="39"/>
      </file>
      <file name="/opt/project/libs/MVC.php">
        <class name="BASE\MVC" namespace="BASE" fullPackage="BASE" package="BASE">
          <metrics complexity="3" methods="1" coveredmethods="0" conditionals="0" coveredconditionals="0" statements="15" coveredstatements="0" elements="16" coveredelements="0"/>
        </class>
        <line num="34" type="method" name="run" visibility="public" complexity="3" crap="12" count="0"/>
        <line num="36" type="stmt" count="0"/>
        <line num="38" type="stmt" count="0"/>
        <line num="39" type="stmt" count="0"/>
        <line num="41" type="stmt" count="0"/>
        <line num="42" type="stmt" count="0"/>
        <line num="43" type="stmt" count="0"/>
        <line num="45" type="stmt" count="0"/>
        <line num="46" type="stmt" count="0"/>
        <line num="48" type="stmt" count="0"/>
        <line num="50" type="stmt" count="0"/>
        <line num="51" type="stmt" count="0"/>
        <line num="52" type="stmt" count="0"/>
        <line num="54" type="stmt" count="0"/>
        <line num="55" type="stmt" count="0"/>
        <line num="57" type="stmt" count="0"/>
        <metrics loc="60" ncloc="39" classes="1" methods="1" coveredmethods="0" conditionals="0" coveredconditionals="0" statements="15" coveredstatements="0" elements="16" coveredelements="0"/>
      </file>
    </package>
    <package name="BASE\Helper">
      <file name="/opt/project/libs/Helper/RegExp.php">
        <class name="BASE\Helper\RegExp" namespace="BASE\Helper" fullPackage="BASE.Helper" package="BASE" subpackage="Helper">
          <metrics complexity="2" methods="2" coveredmethods="2" conditionals="0" coveredconditionals="0" statements="2" coveredstatements="2" elements="4" coveredelements="4"/>
        </class>
        <line num="30" type="method" name="getLocalCode" visibility="public" complexity="1" crap="1" count="26"/>
        <line num="32" type="stmt" count="26"/>
        <line num="40" type="method" name="getRexExp" visibility="public" complexity="1" crap="1" count="11"/>
        <line num="42" type="stmt" count="11"/>
        <metrics loc="43" ncloc="15" classes="1" methods="2" coveredmethods="2" conditionals="0" coveredconditionals="0" statements="2" coveredstatements="2" elements="4" coveredelements="4"/>
      </file>
    </package>
    <package name="BASE\MVC">
      <file name="/opt/project/libs/MVC/Controller.php">
        <class name="BASE\MVC\Controller" namespace="BASE\MVC" fullPackage="BASE.MVC" package="BASE" subpackage="MVC">
          <metrics complexity="4" methods="1" coveredmethods="0" conditionals="0" coveredconditionals="0" statements="11" coveredstatements="0" elements="12" coveredelements="0"/>
        </class>
        <line num="39" type="method" name="load" visibility="public" complexity="4" crap="20" count="0"/>
        <line num="41" type="stmt" count="0"/>
        <line num="43" type="stmt" count="0"/>
        <line num="44" type="stmt" count="0"/>
        <line num="46" type="stmt" count="0"/>
        <line num="47" type="stmt" count="0"/>
        <line num="50" type="stmt" count="0"/>
        <line num="52" type="stmt" count="0"/>
        <line num="53" type="stmt" count="0"/>
        <line num="56" type="stmt" count="0"/>
        <line num="58" type="stmt" count="0"/>
        <line num="60" type="stmt" count="0"/>
        <metrics loc="62" ncloc="32" classes="1" methods="1" coveredmethods="0" conditionals="0" coveredconditionals="0" statements="11" coveredstatements="0" elements="12" coveredelements="0"/>
      </file>
      <file name="/opt/project/libs/MVC/Links.php">
        <class name="BASE\MVC\Links" namespace="BASE\MVC" fullPackage="BASE" package="BASE">
          <metrics complexity="13" methods="2" coveredmethods="0" conditionals="0" coveredconditionals="0" statements="26" coveredstatements="24" elements="28" coveredelements="24"/>
        </class>
        <line num="40" type="method" name="setRoutes" visibility="public" complexity="4" crap="4.05" count="5"/>
        <line num="42" type="stmt" count="5"/>
        <line num="43" type="stmt" count="0"/>
        <line num="45" type="stmt" count="5"/>
        <line num="47" type="stmt" count="5"/>
        <line num="48" type="stmt" count="5"/>
        <line num="49" type="stmt" count="5"/>
        <line num="52" type="stmt" count="5"/>
        <line num="64" type="method" name="getUri" visibility="public" complexity="9" crap="9.01" count="5"/>
        <line num="66" type="stmt" count="5"/>
        <line num="67" type="stmt" count="1"/>
        <line num="69" type="stmt" count="4"/>
        <line num="70" type="stmt" count="4"/>
        <line num="71" type="stmt" count="3"/>
        <line num="73" type="stmt" count="3"/>
        <line num="74" type="stmt" count="3"/>
        <line num="76" type="stmt" count="3"/>
        <line num="77" type="stmt" count="3"/>
        <line num="78" type="stmt" count="3"/>
        <line num="80" type="stmt" count="3"/>
        <line num="81" type="stmt" count="1"/>
        <line num="83" type="stmt" count="2"/>
        <line num="84" type="stmt" count="1"/>
        <line num="86" type="stmt" count="1"/>
        <line num="91" type="stmt" count="1"/>
        <line num="94" type="stmt" count="1"/>
        <line num="98" type="stmt" count="1"/>
        <line num="100" type="stmt" count="0"/>
        <metrics loc="102" ncloc="66" classes="1" methods="2" coveredmethods="0" conditionals="0" coveredconditionals="0" statements="26" coveredstatements="24" elements="28" coveredelements="24"/>
      </file>
      <file name="/opt/project/libs/MVC/Local.php">
        <class name="BASE\MVC\Local" namespace="BASE\MVC" fullPackage="BASE" package="BASE">
          <metrics complexity="5" methods="1" coveredmethods="0" conditionals="0" coveredconditionals="0" statements="9" coveredstatements="0" elements="10" coveredelements="0"/>
        </class>
        <line num="30" type="method" name="getCode" visibility="public" complexity="5" crap="30" count="0"/>
        <line num="32" type="stmt" count="0"/>
        <line num="33" type="stmt" count="0"/>
        <line num="34" type="stmt" count="0"/>
        <line num="35" type="stmt" count="0"/>
        <line num="36" type="stmt" count="0"/>
        <line num="37" type="stmt" count="0"/>
        <line num="38" type="stmt" count="0"/>
        <line num="42" type="stmt" count="0"/>
        <line num="44" type="stmt" count="0"/>
        <metrics loc="47" ncloc="26" classes="1" methods="1" coveredmethods="0" conditionals="0" coveredconditionals="0" statements="9" coveredstatements="0" elements="10" coveredelements="0"/>
      </file>
      <file name="/opt/project/libs/MVC/Routes.php">
        <class name="BASE\MVC\Routes" namespace="BASE\MVC" fullPackage="BASE" package="BASE">
          <metrics complexity="27" methods="5" coveredmethods="4" conditionals="0" coveredconditionals="0" statements="50" coveredstatements="48" elements="55" coveredelements="52"/>
        </class>
        <line num="39" type="method" name="__construct" visibility="public" complexity="1" crap="1" count="18"/>
        <line num="41" type="stmt" count="18"/>
        <line num="42" type="stmt" count="11"/>
        <line num="52" type="method" name="load" visibility="private" complexity="3" crap="3.14" count="18"/>
        <line num="54" type="stmt" count="18"/>
        <line num="55" type="stmt" count="0"/>
        <line num="57" type="stmt" count="18"/>
        <line num="59" type="stmt" count="18"/>
        <line num="60" type="stmt" count="0"/>
        <line num="62" type="stmt" count="18"/>
        <line num="64" type="stmt" count="18"/>
        <line num="67" type="stmt" count="11"/>
        <line num="82" type="method" name="parseRoutes" visibility="private" complexity="17" crap="17" count="18"/>
        <line num="84" type="stmt" count="18"/>
        <line num="85" type="stmt" count="17"/>
        <line num="86" type="stmt" count="1"/>
        <line num="89" type="stmt" count="16"/>
        <line num="91" type="stmt" count="16"/>
        <line num="92" type="stmt" count="1"/>
        <line num="94" type="stmt" count="15"/>
        <line num="95" type="stmt" count="15"/>
        <line num="96" type="stmt" count="1"/>
        <line num="99" type="stmt" count="14"/>
        <line num="100" type="stmt" count="2"/>
        <line num="103" type="stmt" count="12"/>
        <line num="104" type="stmt" count="12"/>
        <line num="106" type="stmt" count="12"/>
        <line num="107" type="stmt" count="10"/>
        <line num="110" type="stmt" count="12"/>
        <line num="111" type="stmt" count="12"/>
        <line num="114" type="stmt" count="12"/>
        <line num="116" type="stmt" count="12"/>
        <line num="118" type="stmt" count="12"/>
        <line num="119" type="stmt" count="2"/>
        <line num="121" type="stmt" count="12"/>
        <line num="122" type="stmt" count="12"/>
        <line num="123" type="stmt" count="12"/>
        <line num="124" type="stmt" count="12"/>
        <line num="126" type="stmt" count="12"/>
        <line num="131" type="stmt" count="12"/>
        <line num="132" type="stmt" count="10"/>
        <line num="136" type="stmt" count="11"/>
        <line num="146" type="method" name="getControllerByUri" visibility="public" complexity="5" crap="5" count="5"/>
        <line num="148" type="stmt" count="5"/>
        <line num="150" type="stmt" count="2"/>
        <line num="154" type="stmt" count="4"/>
        <line num="155" type="stmt" count="3"/>
        <line num="156" type="stmt" count="3"/>
        <line num="157" type="stmt" count="3"/>
        <line num="159" type="stmt" count="3"/>
        <line num="161" type="stmt" count="1"/>
        <line num="162" type="stmt" count="1"/>
        <line num="167" type="stmt" count="3"/>
        <line num="176" type="method" name="getRoutes" visibility="public" complexity="1" crap="1" count="6"/>
        <line num="178" type="stmt" count="6"/>
        <metrics loc="179" ncloc="122" classes="1" methods="5" coveredmethods="4" conditionals="0" coveredconditionals="0" statements="50" coveredstatements="48" elements="55" coveredelements="52"/>
      </file>
      <file name="/opt/project/libs/MVC/Uri.php">
        <class name="BASE\MVC\Uri" namespace="BASE\MVC" fullPackage="BASE" package="BASE">
          <metrics complexity="6" methods="3" coveredmethods="0" conditionals="0" coveredconditionals="0" statements="11" coveredstatements="0" elements="14" coveredelements="0"/>
        </class>
        <line num="30" type="method" name="getUri" visibility="private" complexity="1" crap="2" count="0"/>
        <line num="32" type="stmt" count="0"/>
        <line num="40" type="method" name="get" visibility="public" complexity="2" crap="6" count="0"/>
        <line num="42" type="stmt" count="0"/>
        <line num="43" type="stmt" count="0"/>
        <line num="45" type="stmt" count="0"/>
        <line num="46" type="stmt" count="0"/>
        <line num="49" type="stmt" count="0"/>
        <line num="57" type="method" name="getLocalCode" visibility="public" complexity="3" crap="12" count="0"/>
        <line num="59" type="stmt" count="0"/>
        <line num="61" type="stmt" count="0"/>
        <line num="63" type="stmt" count="0"/>
        <line num="64" type="stmt" count="0"/>
        <line num="66" type="stmt" count="0"/>
        <metrics loc="68" ncloc="37" classes="1" methods="3" coveredmethods="0" conditionals="0" coveredconditionals="0" statements="11" coveredstatements="0" elements="14" coveredelements="0"/>
      </file>
    </package>
    <file name="/opt/project/libs/MVC/TemplateEngines/ParentController.php">
      <metrics loc="29" ncloc="8" classes="0" methods="0" coveredmethods="0" conditionals="0" coveredconditionals="0" statements="0" coveredstatements="0" elements="0" coveredelements="0"/>
    </file>
    <package name="BASE\MVC\TemplateEngines\Smarty">
      <file name="/opt/project/libs/MVC/TemplateEngines/Smarty/ParentController.php">
        <class name="BASE\MVC\TemplateEngines\Smarty\ParentController" namespace="BASE\MVC\TemplateEngines\Smarty" fullPackage="BASE.MVC" package="BASE" subpackage="MVC">
          <metrics complexity="8" methods="4" coveredmethods="0" conditionals="0" coveredconditionals="0" statements="28" coveredstatements="0" elements="32" coveredelements="0"/>
        </class>
        <line num="50" type="method" name="__construct" visibility="public" complexity="1" crap="2" count="0"/>
        <line num="52" type="stmt" count="0"/>
        <line num="55" type="stmt" count="0"/>
        <line num="57" type="stmt" count="0"/>
        <line num="58" type="stmt" count="0"/>
        <line num="59" type="stmt" count="0"/>
        <line num="60" type="stmt" count="0"/>
        <line num="62" type="stmt" count="0"/>
        <line num="63" type="stmt" count="0"/>
        <line num="71" type="method" name="loadPlugins" visibility="private" complexity="1" crap="2" count="0"/>
        <line num="73" type="stmt" count="0"/>
        <line num="74" type="stmt" count="0"/>
        <line num="85" type="method" name="displayTemplates" visibility="protected" complexity="2" crap="6" count="0"/>
        <line num="87" type="stmt" count="0"/>
        <line num="88" type="stmt" count="0"/>
        <line num="89" type="stmt" count="0"/>
        <line num="91" type="stmt" count="0"/>
        <line num="93" type="stmt" count="0"/>
        <line num="96" type="stmt" count="0"/>
        <line num="97" type="stmt" count="0"/>
        <line num="98" type="stmt" count="0"/>
        <line num="100" type="stmt" count="0"/>
        <line num="112" type="method" name="loadConfig" visibility="protected" complexity="4" crap="20" count="0"/>
        <line num="118" type="stmt" count="0"/>
        <line num="119" type="stmt" count="0"/>
        <line num="121" type="stmt" count="0"/>
        <line num="122" type="stmt" count="0"/>
        <line num="128" type="stmt" count="0"/>
        <line num="129" type="stmt" count="0"/>
        <line num="131" type="stmt" count="0"/>
        <line num="132" type="stmt" count="0"/>
        <line num="135" type="stmt" count="0"/>
        <metrics loc="135" ncloc="71" classes="1" methods="4" coveredmethods="0" conditionals="0" coveredconditionals="0" statements="28" coveredstatements="0" elements="32" coveredelements="0"/>
      </file>
    </package>
    <package name="BASE\MVC\TemplateEngines\Smarty\Plugins">
      <file name="/opt/project/libs/MVC/TemplateEngines/Smarty/Plugins/Link.php">
        <class name="BASE\MVC\TemplateEngines\Smarty\Plugins\Link" namespace="BASE\MVC\TemplateEngines\Smarty\Plugins" fullPackage="BASE" package="BASE">
          <metrics complexity="4" methods="2" coveredmethods="0" conditionals="0" coveredconditionals="0" statements="7" coveredstatements="0" elements="9" coveredelements="0"/>
        </class>
        <line num="33" type="method" name="get" visibility="public" complexity="3" crap="12" count="0"/>
        <line num="35" type="stmt" count="0"/>
        <line num="36" type="stmt" count="0"/>
        <line num="39" type="stmt" count="0"/>
        <line num="41" type="stmt" count="0"/>
        <line num="42" type="stmt" count="0"/>
        <line num="44" type="stmt" count="0"/>
        <line num="55" type="method" name="getBreadcrumb" visibility="public" complexity="1" crap="2" count="0"/>
        <line num="58" type="stmt" count="0"/>
        <metrics loc="59" ncloc="29" classes="1" methods="2" coveredmethods="0" conditionals="0" coveredconditionals="0" statements="7" coveredstatements="0" elements="9" coveredelements="0"/>
      </file>
    </package>
    <metrics files="11" loc="941" ncloc="539" classes="10" methods="27" coveredmethods="12" conditionals="0" coveredconditionals="0" statements="192" coveredstatements="107" elements="219" coveredelements="119"/>
  </project>
</coverage>
